<?xml version="1.0" encoding="UTF-8"?>
<coverage generated="1511149047819" clover="3.2.0">
  <project timestamp="1511149047819" name="All files">
    <metrics statements="32" coveredstatements="32" conditionals="13" coveredconditionals="6" methods="23" coveredmethods="23" elements="68" coveredelements="61" complexity="0" loc="32" ncloc="32" packages="1" files="8" classes="8">
      <file name="cast.js" path="/Users/alexquirk/Dev/personal/object-map/src/cast.js">
        <metrics statements="1" coveredstatements="1" conditionals="1" coveredconditionals="0" methods="1" coveredmethods="1"/>
        <line num="4" count="3" type="cond" truecount="0" falsecount="1"/>
      </file>
      <file name="concat.js" path="/Users/alexquirk/Dev/personal/object-map/src/concat.js">
        <metrics statements="1" coveredstatements="1" conditionals="0" coveredconditionals="0" methods="1" coveredmethods="1"/>
        <line num="4" count="1" type="stmt"/>
      </file>
      <file name="each.js" path="/Users/alexquirk/Dev/personal/object-map/src/each.js">
        <metrics statements="12" coveredstatements="12" conditionals="5" coveredconditionals="2" methods="10" coveredmethods="10"/>
        <line num="8" count="23" type="stmt"/>
        <line num="10" count="13" type="cond" truecount="0" falsecount="2"/>
        <line num="11" count="23" type="stmt"/>
        <line num="16" count="4" type="cond" truecount="1" falsecount="1"/>
        <line num="17" count="33" type="stmt"/>
        <line num="18" count="33" type="stmt"/>
        <line num="19" count="4" type="stmt"/>
        <line num="20" count="6" type="stmt"/>
        <line num="21" count="2" type="cond" truecount="1" falsecount="0"/>
        <line num="22" count="10" type="stmt"/>
        <line num="23" count="1" type="stmt"/>
        <line num="24" count="10" type="stmt"/>
      </file>
      <file name="get.js" path="/Users/alexquirk/Dev/personal/object-map/src/get.js">
        <metrics statements="1" coveredstatements="1" conditionals="2" coveredconditionals="1" methods="1" coveredmethods="1"/>
        <line num="3" count="76" type="cond" truecount="1" falsecount="1"/>
      </file>
      <file name="index.js" path="/Users/alexquirk/Dev/personal/object-map/src/index.js">
        <metrics statements="5" coveredstatements="5" conditionals="0" coveredconditionals="0" methods="1" coveredmethods="1"/>
        <line num="8" count="4" type="stmt"/>
        <line num="12" count="4" type="stmt"/>
        <line num="13" count="4" type="stmt"/>
        <line num="14" count="4" type="stmt"/>
        <line num="15" count="4" type="stmt"/>
      </file>
      <file name="join.js" path="/Users/alexquirk/Dev/personal/object-map/src/join.js">
        <metrics statements="2" coveredstatements="2" conditionals="2" coveredconditionals="1" methods="2" coveredmethods="2"/>
        <line num="6" count="9" type="stmt"/>
        <line num="8" count="9" type="cond" truecount="1" falsecount="1"/>
      </file>
      <file name="using.js" path="/Users/alexquirk/Dev/personal/object-map/src/using.js">
        <metrics statements="5" coveredstatements="5" conditionals="1" coveredconditionals="0" methods="5" coveredmethods="5"/>
        <line num="5" count="11" type="cond" truecount="0" falsecount="1"/>
        <line num="6" count="3" type="stmt"/>
        <line num="7" count="3" type="stmt"/>
        <line num="8" count="4" type="stmt"/>
        <line num="9" count="1" type="stmt"/>
      </file>
      <file name="utils.js" path="/Users/alexquirk/Dev/personal/object-map/src/utils.js">
        <metrics statements="5" coveredstatements="5" conditionals="2" coveredconditionals="2" methods="2" coveredmethods="2"/>
        <line num="3" count="6" type="stmt"/>
        <line num="5" count="6" type="stmt"/>
        <line num="7" count="6" type="stmt"/>
        <line num="9" count="69" type="stmt"/>
        <line num="11" count="13" type="cond" truecount="2" falsecount="0"/>
      </file>
    </metrics>
  </project>
</coverage>
