{"/Users/alexquirk/Dev/personal/object-map/src/cast.js": {"path":"/Users/alexquirk/Dev/personal/object-map/src/cast.js","statementMap":{"0":{"start":{"line":4,"column":31},"end":{"line":8,"column":1}}},"fnMap":{"0":{"name":"(anonymous_0)","decl":{"start":{"line":4,"column":15},"end":{"line":4,"column":16}},"loc":{"start":{"line":4,"column":31},"end":{"line":8,"column":1}},"line":4}},"branchMap":{"0":{"loc":{"start":{"line":4,"column":16},"end":{"line":4,"column":25}},"type":"default-arg","locations":[{"start":{"line":4,"column":23},"end":{"line":4,"column":25}}],"line":4}},"s":{"0":3},"f":{"0":3},"b":{"0":[0]},"_coverageSchema":"332fd63041d2c1bcb487cc26dd0d5f7d97098a6c","hash":"7249281f70ad85abdbc9b524084b35c0254bf6ca"}
,"/Users/alexquirk/Dev/personal/object-map/src/concat.js": {"path":"/Users/alexquirk/Dev/personal/object-map/src/concat.js","statementMap":{"0":{"start":{"line":4,"column":27},"end":{"line":4,"column":53}}},"fnMap":{"0":{"name":"(anonymous_0)","decl":{"start":{"line":4,"column":15},"end":{"line":4,"column":16}},"loc":{"start":{"line":4,"column":27},"end":{"line":4,"column":53}},"line":4}},"branchMap":{},"s":{"0":1},"f":{"0":1},"b":{},"_coverageSchema":"332fd63041d2c1bcb487cc26dd0d5f7d97098a6c","hash":"50a16312bebb3e843fdb2569e3f2e3e061ccdb52"}
,"/Users/alexquirk/Dev/personal/object-map/src/each.js": {"path":"/Users/alexquirk/Dev/personal/object-map/src/each.js","statementMap":{"0":{"start":{"line":8,"column":25},"end":{"line":8,"column":95}},"1":{"start":{"line":8,"column":40},"end":{"line":8,"column":95}},"2":{"start":{"line":10,"column":17},"end":{"line":14,"column":1}},"3":{"start":{"line":10,"column":54},"end":{"line":14,"column":1}},"4":{"start":{"line":11,"column":18},"end":{"line":11,"column":28}},"5":{"start":{"line":16,"column":13},"end":{"line":26,"column":1}},"6":{"start":{"line":17,"column":19},"end":{"line":17,"column":32}},"7":{"start":{"line":18,"column":2},"end":{"line":25,"column":4}},"8":{"start":{"line":19,"column":15},"end":{"line":19,"column":60}},"9":{"start":{"line":20,"column":18},"end":{"line":20,"column":71}},"10":{"start":{"line":21,"column":39},"end":{"line":21,"column":105}},"11":{"start":{"line":22,"column":24},"end":{"line":22,"column":74}},"12":{"start":{"line":23,"column":21},"end":{"line":23,"column":77}},"13":{"start":{"line":24,"column":24},"end":{"line":24,"column":81}}},"fnMap":{"0":{"name":"(anonymous_0)","decl":{"start":{"line":8,"column":25},"end":{"line":8,"column":26}},"loc":{"start":{"line":8,"column":40},"end":{"line":8,"column":95}},"line":8},"1":{"name":"(anonymous_1)","decl":{"start":{"line":10,"column":17},"end":{"line":10,"column":18}},"loc":{"start":{"line":10,"column":54},"end":{"line":14,"column":1}},"line":10},"2":{"name":"(anonymous_2)","decl":{"start":{"line":11,"column":2},"end":{"line":11,"column":3}},"loc":{"start":{"line":11,"column":18},"end":{"line":11,"column":28}},"line":11},"3":{"name":"(anonymous_3)","decl":{"start":{"line":16,"column":13},"end":{"line":16,"column":14}},"loc":{"start":{"line":16,"column":46},"end":{"line":26,"column":1}},"line":16},"4":{"name":"(anonymous_4)","decl":{"start":{"line":19,"column":9},"end":{"line":19,"column":10}},"loc":{"start":{"line":19,"column":15},"end":{"line":19,"column":60}},"line":19},"5":{"name":"(anonymous_5)","decl":{"start":{"line":20,"column":9},"end":{"line":20,"column":10}},"loc":{"start":{"line":20,"column":18},"end":{"line":20,"column":71}},"line":20},"6":{"name":"(anonymous_6)","decl":{"start":{"line":21,"column":10},"end":{"line":21,"column":11}},"loc":{"start":{"line":21,"column":39},"end":{"line":21,"column":105}},"line":21},"7":{"name":"(anonymous_7)","decl":{"start":{"line":22,"column":11},"end":{"line":22,"column":12}},"loc":{"start":{"line":22,"column":24},"end":{"line":22,"column":74}},"line":22},"8":{"name":"(anonymous_8)","decl":{"start":{"line":23,"column":11},"end":{"line":23,"column":12}},"loc":{"start":{"line":23,"column":21},"end":{"line":23,"column":77}},"line":23},"9":{"name":"(anonymous_9)","decl":{"start":{"line":24,"column":10},"end":{"line":24,"column":11}},"loc":{"start":{"line":24,"column":24},"end":{"line":24,"column":81}},"line":24}},"branchMap":{"0":{"loc":{"start":{"line":10,"column":18},"end":{"line":10,"column":31}},"type":"default-arg","locations":[{"start":{"line":10,"column":29},"end":{"line":10,"column":31}}],"line":10},"1":{"loc":{"start":{"line":10,"column":33},"end":{"line":10,"column":49}},"type":"default-arg","locations":[{"start":{"line":10,"column":46},"end":{"line":10,"column":49}}],"line":10},"2":{"loc":{"start":{"line":16,"column":14},"end":{"line":16,"column":23}},"type":"default-arg","locations":[{"start":{"line":16,"column":21},"end":{"line":16,"column":23}}],"line":16},"3":{"loc":{"start":{"line":16,"column":25},"end":{"line":16,"column":41}},"type":"default-arg","locations":[{"start":{"line":16,"column":38},"end":{"line":16,"column":41}}],"line":16},"4":{"loc":{"start":{"line":21,"column":19},"end":{"line":21,"column":34}},"type":"default-arg","locations":[{"start":{"line":21,"column":31},"end":{"line":21,"column":34}}],"line":21}},"s":{"0":4,"1":23,"2":4,"3":13,"4":23,"5":4,"6":33,"7":33,"8":4,"9":6,"10":2,"11":10,"12":1,"13":10},"f":{"0":23,"1":13,"2":23,"3":33,"4":4,"5":6,"6":2,"7":10,"8":1,"9":10},"b":{"0":[0],"1":[0],"2":[0],"3":[13],"4":[1]},"_coverageSchema":"332fd63041d2c1bcb487cc26dd0d5f7d97098a6c","hash":"ac0cc7992b3ce604c7aea52c698eb9b6122ab775"}
,"/Users/alexquirk/Dev/personal/object-map/src/get.js": {"path":"/Users/alexquirk/Dev/personal/object-map/src/get.js","statementMap":{"0":{"start":{"line":3,"column":47},"end":{"line":3,"column":81}}},"fnMap":{"0":{"name":"(anonymous_0)","decl":{"start":{"line":3,"column":15},"end":{"line":3,"column":16}},"loc":{"start":{"line":3,"column":47},"end":{"line":3,"column":81}},"line":3}},"branchMap":{"0":{"loc":{"start":{"line":3,"column":16},"end":{"line":3,"column":25}},"type":"default-arg","locations":[{"start":{"line":3,"column":23},"end":{"line":3,"column":25}}],"line":3},"1":{"loc":{"start":{"line":3,"column":27},"end":{"line":3,"column":42}},"type":"default-arg","locations":[{"start":{"line":3,"column":38},"end":{"line":3,"column":42}}],"line":3}},"s":{"0":76},"f":{"0":76},"b":{"0":[0],"1":[75]},"_coverageSchema":"332fd63041d2c1bcb487cc26dd0d5f7d97098a6c","hash":"d33b69ab534c72fd3856ccf9ccead3064eb6145c"}
,"/Users/alexquirk/Dev/personal/object-map/src/index.js": {"path":"/Users/alexquirk/Dev/personal/object-map/src/index.js","statementMap":{"0":{"start":{"line":8,"column":22},"end":{"line":8,"column":59}},"1":{"start":{"line":8,"column":32},"end":{"line":8,"column":59}},"2":{"start":{"line":12,"column":19},"end":{"line":12,"column":24}},"3":{"start":{"line":13,"column":20},"end":{"line":13,"column":25}},"4":{"start":{"line":14,"column":20},"end":{"line":14,"column":25}},"5":{"start":{"line":15,"column":21},"end":{"line":15,"column":34}}},"fnMap":{"0":{"name":"(anonymous_0)","decl":{"start":{"line":8,"column":22},"end":{"line":8,"column":23}},"loc":{"start":{"line":8,"column":32},"end":{"line":8,"column":59}},"line":8}},"branchMap":{},"s":{"0":4,"1":4,"2":4,"3":4,"4":4,"5":4},"f":{"0":4},"b":{},"_coverageSchema":"332fd63041d2c1bcb487cc26dd0d5f7d97098a6c","hash":"bbb882ff419d762216059fdd0b5c160739806b5d"}
,"/Users/alexquirk/Dev/personal/object-map/src/join.js": {"path":"/Users/alexquirk/Dev/personal/object-map/src/join.js","statementMap":{"0":{"start":{"line":6,"column":18},"end":{"line":6,"column":54}},"1":{"start":{"line":6,"column":30},"end":{"line":6,"column":54}},"2":{"start":{"line":8,"column":48},"end":{"line":8,"column":109}}},"fnMap":{"0":{"name":"(anonymous_0)","decl":{"start":{"line":6,"column":18},"end":{"line":6,"column":19}},"loc":{"start":{"line":6,"column":30},"end":{"line":6,"column":54}},"line":6},"1":{"name":"(anonymous_1)","decl":{"start":{"line":8,"column":15},"end":{"line":8,"column":16}},"loc":{"start":{"line":8,"column":48},"end":{"line":8,"column":109}},"line":8}},"branchMap":{"0":{"loc":{"start":{"line":8,"column":16},"end":{"line":8,"column":26}},"type":"default-arg","locations":[{"start":{"line":8,"column":24},"end":{"line":8,"column":26}}],"line":8},"1":{"loc":{"start":{"line":8,"column":28},"end":{"line":8,"column":43}},"type":"default-arg","locations":[{"start":{"line":8,"column":40},"end":{"line":8,"column":43}}],"line":8}},"s":{"0":5,"1":9,"2":9},"f":{"0":9,"1":9},"b":{"0":[0],"1":[4]},"_coverageSchema":"332fd63041d2c1bcb487cc26dd0d5f7d97098a6c","hash":"7d1545514279d6bfa97f3b51e94c4eb45fdc5a64"}
,"/Users/alexquirk/Dev/personal/object-map/src/using.js": {"path":"/Users/alexquirk/Dev/personal/object-map/src/using.js","statementMap":{"0":{"start":{"line":5,"column":14},"end":{"line":10,"column":2}},"1":{"start":{"line":5,"column":30},"end":{"line":10,"column":1}},"2":{"start":{"line":6,"column":17},"end":{"line":6,"column":41}},"3":{"start":{"line":7,"column":12},"end":{"line":7,"column":31}},"4":{"start":{"line":8,"column":23},"end":{"line":8,"column":53}},"5":{"start":{"line":9,"column":19},"end":{"line":9,"column":49}}},"fnMap":{"0":{"name":"(anonymous_0)","decl":{"start":{"line":5,"column":14},"end":{"line":5,"column":15}},"loc":{"start":{"line":5,"column":30},"end":{"line":10,"column":1}},"line":5},"1":{"name":"(anonymous_1)","decl":{"start":{"line":6,"column":7},"end":{"line":6,"column":8}},"loc":{"start":{"line":6,"column":17},"end":{"line":6,"column":41}},"line":6},"2":{"name":"(anonymous_2)","decl":{"start":{"line":7,"column":6},"end":{"line":7,"column":7}},"loc":{"start":{"line":7,"column":12},"end":{"line":7,"column":31}},"line":7},"3":{"name":"(anonymous_3)","decl":{"start":{"line":8,"column":9},"end":{"line":8,"column":10}},"loc":{"start":{"line":8,"column":23},"end":{"line":8,"column":53}},"line":8},"4":{"name":"(anonymous_4)","decl":{"start":{"line":9,"column":9},"end":{"line":9,"column":10}},"loc":{"start":{"line":9,"column":19},"end":{"line":9,"column":49}},"line":9}},"branchMap":{"0":{"loc":{"start":{"line":5,"column":15},"end":{"line":5,"column":24}},"type":"default-arg","locations":[{"start":{"line":5,"column":22},"end":{"line":5,"column":24}}],"line":5}},"s":{"0":1,"1":11,"2":3,"3":3,"4":4,"5":1},"f":{"0":11,"1":3,"2":3,"3":4,"4":1},"b":{"0":[0]},"_coverageSchema":"332fd63041d2c1bcb487cc26dd0d5f7d97098a6c","hash":"2c11e0872adc20b93ae3e6a24909e59248371384"}
,"/Users/alexquirk/Dev/personal/object-map/src/utils.js": {"path":"/Users/alexquirk/Dev/personal/object-map/src/utils.js","statementMap":{"0":{"start":{"line":3,"column":20},"end":{"line":3,"column":29}},"1":{"start":{"line":5,"column":22},"end":{"line":5,"column":33}},"2":{"start":{"line":7,"column":27},"end":{"line":7,"column":42}},"3":{"start":{"line":9,"column":23},"end":{"line":9,"column":44}},"4":{"start":{"line":9,"column":30},"end":{"line":9,"column":44}},"5":{"start":{"line":11,"column":27},"end":{"line":14,"column":2}},"6":{"start":{"line":11,"column":57},"end":{"line":13,"column":6}}},"fnMap":{"0":{"name":"(anonymous_0)","decl":{"start":{"line":9,"column":23},"end":{"line":9,"column":24}},"loc":{"start":{"line":9,"column":30},"end":{"line":9,"column":44}},"line":9},"1":{"name":"(anonymous_1)","decl":{"start":{"line":11,"column":33},"end":{"line":11,"column":34}},"loc":{"start":{"line":11,"column":57},"end":{"line":13,"column":6}},"line":11}},"branchMap":{"0":{"loc":{"start":{"line":11,"column":57},"end":{"line":13,"column":6}},"type":"cond-expr","locations":[{"start":{"line":12,"column":2},"end":{"line":12,"column":33}},{"start":{"line":13,"column":2},"end":{"line":13,"column":6}}],"line":11}},"s":{"0":6,"1":6,"2":6,"3":6,"4":69,"5":6,"6":13},"f":{"0":69,"1":13},"b":{"0":[12,1]},"_coverageSchema":"332fd63041d2c1bcb487cc26dd0d5f7d97098a6c","hash":"194fd3e067ba9e3dd1426f37c87289491a7c8831"}
}
