{"/Users/alexquirk/Dev/personal/object-map/src/cast.js": {"path":"/Users/alexquirk/Dev/personal/object-map/src/cast.js","statementMap":{"0":{"start":{"line":4,"column":31},"end":{"line":8,"column":1}}},"fnMap":{"0":{"name":"(anonymous_0)","decl":{"start":{"line":4,"column":15},"end":{"line":4,"column":16}},"loc":{"start":{"line":4,"column":31},"end":{"line":8,"column":1}},"line":4}},"branchMap":{"0":{"loc":{"start":{"line":4,"column":16},"end":{"line":4,"column":25}},"type":"default-arg","locations":[{"start":{"line":4,"column":23},"end":{"line":4,"column":25}}],"line":4}},"s":{"0":6},"f":{"0":6},"b":{"0":[0]},"_coverageSchema":"332fd63041d2c1bcb487cc26dd0d5f7d97098a6c","hash":"7249281f70ad85abdbc9b524084b35c0254bf6ca"}
,"/Users/alexquirk/Dev/personal/object-map/src/concat.js": {"path":"/Users/alexquirk/Dev/personal/object-map/src/concat.js","statementMap":{"0":{"start":{"line":4,"column":27},"end":{"line":4,"column":53}}},"fnMap":{"0":{"name":"(anonymous_0)","decl":{"start":{"line":4,"column":15},"end":{"line":4,"column":16}},"loc":{"start":{"line":4,"column":27},"end":{"line":4,"column":53}},"line":4}},"branchMap":{},"s":{"0":1},"f":{"0":1},"b":{},"_coverageSchema":"332fd63041d2c1bcb487cc26dd0d5f7d97098a6c","hash":"50a16312bebb3e843fdb2569e3f2e3e061ccdb52"}
,"/Users/alexquirk/Dev/personal/object-map/src/each.js": {"path":"/Users/alexquirk/Dev/personal/object-map/src/each.js","statementMap":{"0":{"start":{"line":8,"column":25},"end":{"line":8,"column":99}},"1":{"start":{"line":8,"column":40},"end":{"line":8,"column":99}},"2":{"start":{"line":10,"column":17},"end":{"line":14,"column":1}},"3":{"start":{"line":10,"column":54},"end":{"line":14,"column":1}},"4":{"start":{"line":11,"column":18},"end":{"line":11,"column":28}},"5":{"start":{"line":16,"column":13},"end":{"line":26,"column":1}},"6":{"start":{"line":17,"column":19},"end":{"line":17,"column":32}},"7":{"start":{"line":18,"column":2},"end":{"line":25,"column":4}},"8":{"start":{"line":19,"column":15},"end":{"line":19,"column":60}},"9":{"start":{"line":20,"column":18},"end":{"line":20,"column":71}},"10":{"start":{"line":21,"column":39},"end":{"line":21,"column":105}},"11":{"start":{"line":22,"column":24},"end":{"line":22,"column":74}},"12":{"start":{"line":23,"column":21},"end":{"line":23,"column":77}},"13":{"start":{"line":24,"column":24},"end":{"line":24,"column":81}}},"fnMap":{"0":{"name":"(anonymous_0)","decl":{"start":{"line":8,"column":25},"end":{"line":8,"column":26}},"loc":{"start":{"line":8,"column":40},"end":{"line":8,"column":99}},"line":8},"1":{"name":"(anonymous_1)","decl":{"start":{"line":10,"column":17},"end":{"line":10,"column":18}},"loc":{"start":{"line":10,"column":54},"end":{"line":14,"column":1}},"line":10},"2":{"name":"(anonymous_2)","decl":{"start":{"line":11,"column":2},"end":{"line":11,"column":3}},"loc":{"start":{"line":11,"column":18},"end":{"line":11,"column":28}},"line":11},"3":{"name":"(anonymous_3)","decl":{"start":{"line":16,"column":13},"end":{"line":16,"column":14}},"loc":{"start":{"line":16,"column":46},"end":{"line":26,"column":1}},"line":16},"4":{"name":"(anonymous_4)","decl":{"start":{"line":19,"column":9},"end":{"line":19,"column":10}},"loc":{"start":{"line":19,"column":15},"end":{"line":19,"column":60}},"line":19},"5":{"name":"(anonymous_5)","decl":{"start":{"line":20,"column":9},"end":{"line":20,"column":10}},"loc":{"start":{"line":20,"column":18},"end":{"line":20,"column":71}},"line":20},"6":{"name":"(anonymous_6)","decl":{"start":{"line":21,"column":10},"end":{"line":21,"column":11}},"loc":{"start":{"line":21,"column":39},"end":{"line":21,"column":105}},"line":21},"7":{"name":"(anonymous_7)","decl":{"start":{"line":22,"column":11},"end":{"line":22,"column":12}},"loc":{"start":{"line":22,"column":24},"end":{"line":22,"column":74}},"line":22},"8":{"name":"(anonymous_8)","decl":{"start":{"line":23,"column":11},"end":{"line":23,"column":12}},"loc":{"start":{"line":23,"column":21},"end":{"line":23,"column":77}},"line":23},"9":{"name":"(anonymous_9)","decl":{"start":{"line":24,"column":10},"end":{"line":24,"column":11}},"loc":{"start":{"line":24,"column":24},"end":{"line":24,"column":81}},"line":24}},"branchMap":{"0":{"loc":{"start":{"line":10,"column":18},"end":{"line":10,"column":31}},"type":"default-arg","locations":[{"start":{"line":10,"column":29},"end":{"line":10,"column":31}}],"line":10},"1":{"loc":{"start":{"line":10,"column":33},"end":{"line":10,"column":49}},"type":"default-arg","locations":[{"start":{"line":10,"column":46},"end":{"line":10,"column":49}}],"line":10},"2":{"loc":{"start":{"line":16,"column":14},"end":{"line":16,"column":23}},"type":"default-arg","locations":[{"start":{"line":16,"column":21},"end":{"line":16,"column":23}}],"line":16},"3":{"loc":{"start":{"line":16,"column":25},"end":{"line":16,"column":41}},"type":"default-arg","locations":[{"start":{"line":16,"column":38},"end":{"line":16,"column":41}}],"line":16},"4":{"loc":{"start":{"line":21,"column":19},"end":{"line":21,"column":34}},"type":"default-arg","locations":[{"start":{"line":21,"column":31},"end":{"line":21,"column":34}}],"line":21}},"s":{"0":4,"1":45,"2":4,"3":25,"4":45,"5":4,"6":65,"7":65,"8":7,"9":12,"10":4,"11":20,"12":2,"13":20},"f":{"0":45,"1":25,"2":45,"3":65,"4":7,"5":12,"6":4,"7":20,"8":2,"9":20},"b":{"0":[0],"1":[0],"2":[0],"3":[25],"4":[2]},"_coverageSchema":"332fd63041d2c1bcb487cc26dd0d5f7d97098a6c","hash":"c2bee17fea4f9a7adb5572d7560839979159b5eb"}
,"/Users/alexquirk/Dev/personal/object-map/src/get.js": {"path":"/Users/alexquirk/Dev/personal/object-map/src/get.js","statementMap":{"0":{"start":{"line":3,"column":47},"end":{"line":3,"column":81}}},"fnMap":{"0":{"name":"(anonymous_0)","decl":{"start":{"line":3,"column":15},"end":{"line":3,"column":16}},"loc":{"start":{"line":3,"column":47},"end":{"line":3,"column":81}},"line":3}},"branchMap":{"0":{"loc":{"start":{"line":3,"column":16},"end":{"line":3,"column":25}},"type":"default-arg","locations":[{"start":{"line":3,"column":23},"end":{"line":3,"column":25}}],"line":3},"1":{"loc":{"start":{"line":3,"column":27},"end":{"line":3,"column":42}},"type":"default-arg","locations":[{"start":{"line":3,"column":38},"end":{"line":3,"column":42}}],"line":3}},"s":{"0":130},"f":{"0":130},"b":{"0":[0],"1":[84]},"_coverageSchema":"332fd63041d2c1bcb487cc26dd0d5f7d97098a6c","hash":"d33b69ab534c72fd3856ccf9ccead3064eb6145c"}
,"/Users/alexquirk/Dev/personal/object-map/src/index.js": {"path":"/Users/alexquirk/Dev/personal/object-map/src/index.js","statementMap":{"0":{"start":{"line":11,"column":24},"end":{"line":11,"column":100}},"1":{"start":{"line":11,"column":33},"end":{"line":11,"column":100}},"2":{"start":{"line":11,"column":47},"end":{"line":11,"column":99}},"3":{"start":{"line":13,"column":21},"end":{"line":13,"column":66}},"4":{"start":{"line":13,"column":31},"end":{"line":13,"column":66}},"5":{"start":{"line":17,"column":19},"end":{"line":17,"column":23}},"6":{"start":{"line":18,"column":20},"end":{"line":18,"column":25}},"7":{"start":{"line":19,"column":20},"end":{"line":19,"column":25}},"8":{"start":{"line":20,"column":21},"end":{"line":20,"column":27}},"9":{"start":{"line":21,"column":22},"end":{"line":21,"column":29}},"10":{"start":{"line":22,"column":20},"end":{"line":22,"column":25}},"11":{"start":{"line":23,"column":21},"end":{"line":23,"column":33}}},"fnMap":{"0":{"name":"(anonymous_0)","decl":{"start":{"line":11,"column":24},"end":{"line":11,"column":25}},"loc":{"start":{"line":11,"column":33},"end":{"line":11,"column":100}},"line":11},"1":{"name":"(anonymous_1)","decl":{"start":{"line":11,"column":33},"end":{"line":11,"column":34}},"loc":{"start":{"line":11,"column":47},"end":{"line":11,"column":99}},"line":11},"2":{"name":"(anonymous_2)","decl":{"start":{"line":13,"column":21},"end":{"line":13,"column":22}},"loc":{"start":{"line":13,"column":31},"end":{"line":13,"column":66}},"line":13}},"branchMap":{"0":{"loc":{"start":{"line":11,"column":47},"end":{"line":11,"column":99}},"type":"cond-expr","locations":[{"start":{"line":11,"column":71},"end":{"line":11,"column":87}},{"start":{"line":11,"column":90},"end":{"line":11,"column":99}}],"line":11}},"s":{"0":4,"1":7,"2":17,"3":4,"4":7,"5":4,"6":4,"7":4,"8":4,"9":4,"10":4,"11":4},"f":{"0":7,"1":17,"2":7},"b":{"0":[15,2]},"_coverageSchema":"332fd63041d2c1bcb487cc26dd0d5f7d97098a6c","hash":"f6c393663be47a351bbceefa934a47586ce39a57"}
,"/Users/alexquirk/Dev/personal/object-map/src/join.js": {"path":"/Users/alexquirk/Dev/personal/object-map/src/join.js","statementMap":{"0":{"start":{"line":6,"column":18},"end":{"line":6,"column":54}},"1":{"start":{"line":6,"column":30},"end":{"line":6,"column":54}},"2":{"start":{"line":8,"column":48},"end":{"line":8,"column":123}}},"fnMap":{"0":{"name":"(anonymous_0)","decl":{"start":{"line":6,"column":18},"end":{"line":6,"column":19}},"loc":{"start":{"line":6,"column":30},"end":{"line":6,"column":54}},"line":6},"1":{"name":"(anonymous_1)","decl":{"start":{"line":8,"column":15},"end":{"line":8,"column":16}},"loc":{"start":{"line":8,"column":48},"end":{"line":8,"column":123}},"line":8}},"branchMap":{"0":{"loc":{"start":{"line":8,"column":16},"end":{"line":8,"column":26}},"type":"default-arg","locations":[{"start":{"line":8,"column":24},"end":{"line":8,"column":26}}],"line":8},"1":{"loc":{"start":{"line":8,"column":28},"end":{"line":8,"column":43}},"type":"default-arg","locations":[{"start":{"line":8,"column":40},"end":{"line":8,"column":43}}],"line":8}},"s":{"0":5,"1":12,"2":12},"f":{"0":12,"1":12},"b":{"0":[0],"1":[5]},"_coverageSchema":"332fd63041d2c1bcb487cc26dd0d5f7d97098a6c","hash":"10318bc8e90eecdfe059687791bc5eaba946721e"}
,"/Users/alexquirk/Dev/personal/object-map/src/using.js": {"path":"/Users/alexquirk/Dev/personal/object-map/src/using.js","statementMap":{"0":{"start":{"line":6,"column":14},"end":{"line":11,"column":2}},"1":{"start":{"line":6,"column":30},"end":{"line":11,"column":1}},"2":{"start":{"line":7,"column":17},"end":{"line":7,"column":41}},"3":{"start":{"line":8,"column":12},"end":{"line":8,"column":44}},"4":{"start":{"line":9,"column":23},"end":{"line":9,"column":53}},"5":{"start":{"line":10,"column":19},"end":{"line":10,"column":49}}},"fnMap":{"0":{"name":"(anonymous_0)","decl":{"start":{"line":6,"column":14},"end":{"line":6,"column":15}},"loc":{"start":{"line":6,"column":30},"end":{"line":11,"column":1}},"line":6},"1":{"name":"(anonymous_1)","decl":{"start":{"line":7,"column":7},"end":{"line":7,"column":8}},"loc":{"start":{"line":7,"column":17},"end":{"line":7,"column":41}},"line":7},"2":{"name":"(anonymous_2)","decl":{"start":{"line":8,"column":6},"end":{"line":8,"column":7}},"loc":{"start":{"line":8,"column":12},"end":{"line":8,"column":44}},"line":8},"3":{"name":"(anonymous_3)","decl":{"start":{"line":9,"column":9},"end":{"line":9,"column":10}},"loc":{"start":{"line":9,"column":23},"end":{"line":9,"column":53}},"line":9},"4":{"name":"(anonymous_4)","decl":{"start":{"line":10,"column":9},"end":{"line":10,"column":10}},"loc":{"start":{"line":10,"column":19},"end":{"line":10,"column":49}},"line":10}},"branchMap":{"0":{"loc":{"start":{"line":6,"column":15},"end":{"line":6,"column":24}},"type":"default-arg","locations":[{"start":{"line":6,"column":22},"end":{"line":6,"column":24}}],"line":6}},"s":{"0":4,"1":23,"2":6,"3":7,"4":8,"5":2},"f":{"0":23,"1":6,"2":7,"3":8,"4":2},"b":{"0":[0]},"_coverageSchema":"332fd63041d2c1bcb487cc26dd0d5f7d97098a6c","hash":"8feadd086ae1dc1d8513f52a0c4ff0c3c025f708"}
,"/Users/alexquirk/Dev/personal/object-map/src/utils.js": {"path":"/Users/alexquirk/Dev/personal/object-map/src/utils.js","statementMap":{"0":{"start":{"line":3,"column":20},"end":{"line":3,"column":29}},"1":{"start":{"line":5,"column":26},"end":{"line":5,"column":58}},"2":{"start":{"line":5,"column":33},"end":{"line":5,"column":58}},"3":{"start":{"line":7,"column":22},"end":{"line":7,"column":33}},"4":{"start":{"line":9,"column":27},"end":{"line":9,"column":42}},"5":{"start":{"line":11,"column":27},"end":{"line":11,"column":78}},"6":{"start":{"line":11,"column":33},"end":{"line":11,"column":78}},"7":{"start":{"line":13,"column":28},"end":{"line":13,"column":77}},"8":{"start":{"line":13,"column":34},"end":{"line":13,"column":77}},"9":{"start":{"line":15,"column":23},"end":{"line":15,"column":44}},"10":{"start":{"line":15,"column":30},"end":{"line":15,"column":44}},"11":{"start":{"line":17,"column":27},"end":{"line":20,"column":2}},"12":{"start":{"line":17,"column":57},"end":{"line":19,"column":6}}},"fnMap":{"0":{"name":"(anonymous_0)","decl":{"start":{"line":5,"column":26},"end":{"line":5,"column":27}},"loc":{"start":{"line":5,"column":33},"end":{"line":5,"column":58}},"line":5},"1":{"name":"(anonymous_1)","decl":{"start":{"line":11,"column":27},"end":{"line":11,"column":28}},"loc":{"start":{"line":11,"column":33},"end":{"line":11,"column":78}},"line":11},"2":{"name":"(anonymous_2)","decl":{"start":{"line":13,"column":28},"end":{"line":13,"column":29}},"loc":{"start":{"line":13,"column":34},"end":{"line":13,"column":77}},"line":13},"3":{"name":"(anonymous_3)","decl":{"start":{"line":15,"column":23},"end":{"line":15,"column":24}},"loc":{"start":{"line":15,"column":30},"end":{"line":15,"column":44}},"line":15},"4":{"name":"(anonymous_4)","decl":{"start":{"line":17,"column":33},"end":{"line":17,"column":34}},"loc":{"start":{"line":17,"column":57},"end":{"line":19,"column":6}},"line":17}},"branchMap":{"0":{"loc":{"start":{"line":17,"column":57},"end":{"line":19,"column":6}},"type":"cond-expr","locations":[{"start":{"line":18,"column":2},"end":{"line":18,"column":33}},{"start":{"line":19,"column":2},"end":{"line":19,"column":6}}],"line":17}},"s":{"0":6,"1":6,"2":17,"3":6,"4":6,"5":6,"6":8,"7":6,"8":13,"9":6,"10":123,"11":6,"12":23},"f":{"0":17,"1":8,"2":13,"3":123,"4":23},"b":{"0":[22,1]},"_coverageSchema":"332fd63041d2c1bcb487cc26dd0d5f7d97098a6c","hash":"162bc93b80fa595ed1a120450b4c7eef2a322d7d"}
}
