TN:
SF:/Users/alexquirk/Dev/personal/object-map/src/cast.js
FN:4,(anonymous_0)
FNF:1
FNH:1
FNDA:3,(anonymous_0)
DA:4,3
LF:1
LH:1
BRDA:4,0,0,0
BRF:1
BRH:0
end_of_record
TN:
SF:/Users/alexquirk/Dev/personal/object-map/src/concat.js
FN:4,(anonymous_0)
FNF:1
FNH:1
FNDA:1,(anonymous_0)
DA:4,1
LF:1
LH:1
BRF:0
BRH:0
end_of_record
TN:
SF:/Users/alexquirk/Dev/personal/object-map/src/each.js
FN:8,(anonymous_0)
FN:10,(anonymous_1)
FN:11,(anonymous_2)
FN:16,(anonymous_3)
FN:19,(anonymous_4)
FN:20,(anonymous_5)
FN:21,(anonymous_6)
FN:22,(anonymous_7)
FN:23,(anonymous_8)
FN:24,(anonymous_9)
FNF:10
FNH:10
FNDA:23,(anonymous_0)
FNDA:13,(anonymous_1)
FNDA:23,(anonymous_2)
FNDA:33,(anonymous_3)
FNDA:4,(anonymous_4)
FNDA:6,(anonymous_5)
FNDA:2,(anonymous_6)
FNDA:10,(anonymous_7)
FNDA:1,(anonymous_8)
FNDA:10,(anonymous_9)
DA:8,23
DA:10,13
DA:11,23
DA:16,4
DA:17,33
DA:18,33
DA:19,4
DA:20,6
DA:21,2
DA:22,10
DA:23,1
DA:24,10
LF:12
LH:12
BRDA:10,0,0,0
BRDA:10,1,0,0
BRDA:16,2,0,0
BRDA:16,3,0,13
BRDA:21,4,0,1
BRF:5
BRH:2
end_of_record
TN:
SF:/Users/alexquirk/Dev/personal/object-map/src/get.js
FN:3,(anonymous_0)
FNF:1
FNH:1
FNDA:76,(anonymous_0)
DA:3,76
LF:1
LH:1
BRDA:3,0,0,0
BRDA:3,1,0,75
BRF:2
BRH:1
end_of_record
TN:
SF:/Users/alexquirk/Dev/personal/object-map/src/index.js
FN:8,(anonymous_0)
FNF:1
FNH:1
FNDA:4,(anonymous_0)
DA:8,4
DA:12,4
DA:13,4
DA:14,4
DA:15,4
LF:5
LH:5
BRF:0
BRH:0
end_of_record
TN:
SF:/Users/alexquirk/Dev/personal/object-map/src/join.js
FN:6,(anonymous_0)
FN:8,(anonymous_1)
FNF:2
FNH:2
FNDA:9,(anonymous_0)
FNDA:9,(anonymous_1)
DA:6,9
DA:8,9
LF:2
LH:2
BRDA:8,0,0,0
BRDA:8,1,0,4
BRF:2
BRH:1
end_of_record
TN:
SF:/Users/alexquirk/Dev/personal/object-map/src/using.js
FN:5,(anonymous_0)
FN:6,(anonymous_1)
FN:7,(anonymous_2)
FN:8,(anonymous_3)
FN:9,(anonymous_4)
FNF:5
FNH:5
FNDA:11,(anonymous_0)
FNDA:3,(anonymous_1)
FNDA:3,(anonymous_2)
FNDA:4,(anonymous_3)
FNDA:1,(anonymous_4)
DA:5,11
DA:6,3
DA:7,3
DA:8,4
DA:9,1
LF:5
LH:5
BRDA:5,0,0,0
BRF:1
BRH:0
end_of_record
TN:
SF:/Users/alexquirk/Dev/personal/object-map/src/utils.js
FN:9,(anonymous_0)
FN:11,(anonymous_1)
FNF:2
FNH:2
FNDA:69,(anonymous_0)
FNDA:13,(anonymous_1)
DA:3,6
DA:5,6
DA:7,6
DA:9,69
DA:11,13
LF:5
LH:5
BRDA:11,0,0,12
BRDA:11,0,1,1
BRF:2
BRH:2
end_of_record
