TN:
SF:/Users/alexquirk/Dev/personal/object-map/src/cast.js
FN:4,(anonymous_0)
FNF:1
FNH:1
FNDA:6,(anonymous_0)
DA:4,6
LF:1
LH:1
BRDA:4,0,0,0
BRF:1
BRH:0
end_of_record
TN:
SF:/Users/alexquirk/Dev/personal/object-map/src/concat.js
FN:4,(anonymous_0)
FNF:1
FNH:1
FNDA:1,(anonymous_0)
DA:4,1
LF:1
LH:1
BRF:0
BRH:0
end_of_record
TN:
SF:/Users/alexquirk/Dev/personal/object-map/src/each.js
FN:8,(anonymous_0)
FN:10,(anonymous_1)
FN:11,(anonymous_2)
FN:16,(anonymous_3)
FN:19,(anonymous_4)
FN:20,(anonymous_5)
FN:21,(anonymous_6)
FN:22,(anonymous_7)
FN:23,(anonymous_8)
FN:24,(anonymous_9)
FNF:10
FNH:10
FNDA:45,(anonymous_0)
FNDA:25,(anonymous_1)
FNDA:45,(anonymous_2)
FNDA:65,(anonymous_3)
FNDA:7,(anonymous_4)
FNDA:12,(anonymous_5)
FNDA:4,(anonymous_6)
FNDA:20,(anonymous_7)
FNDA:2,(anonymous_8)
FNDA:20,(anonymous_9)
DA:8,45
DA:10,25
DA:11,45
DA:16,4
DA:17,65
DA:18,65
DA:19,7
DA:20,12
DA:21,4
DA:22,20
DA:23,2
DA:24,20
LF:12
LH:12
BRDA:10,0,0,0
BRDA:10,1,0,0
BRDA:16,2,0,0
BRDA:16,3,0,25
BRDA:21,4,0,2
BRF:5
BRH:2
end_of_record
TN:
SF:/Users/alexquirk/Dev/personal/object-map/src/get.js
FN:3,(anonymous_0)
FNF:1
FNH:1
FNDA:130,(anonymous_0)
DA:3,130
LF:1
LH:1
BRDA:3,0,0,0
BRDA:3,1,0,84
BRF:2
BRH:1
end_of_record
TN:
SF:/Users/alexquirk/Dev/personal/object-map/src/index.js
FN:11,(anonymous_0)
FN:11,(anonymous_1)
FN:13,(anonymous_2)
FNF:3
FNH:3
FNDA:7,(anonymous_0)
FNDA:17,(anonymous_1)
FNDA:7,(anonymous_2)
DA:11,17
DA:13,7
DA:17,4
DA:18,4
DA:19,4
DA:20,4
DA:21,4
DA:22,4
DA:23,4
LF:9
LH:9
BRDA:11,0,0,15
BRDA:11,0,1,2
BRF:2
BRH:2
end_of_record
TN:
SF:/Users/alexquirk/Dev/personal/object-map/src/join.js
FN:6,(anonymous_0)
FN:8,(anonymous_1)
FNF:2
FNH:2
FNDA:12,(anonymous_0)
FNDA:12,(anonymous_1)
DA:6,12
DA:8,12
LF:2
LH:2
BRDA:8,0,0,0
BRDA:8,1,0,5
BRF:2
BRH:1
end_of_record
TN:
SF:/Users/alexquirk/Dev/personal/object-map/src/using.js
FN:6,(anonymous_0)
FN:7,(anonymous_1)
FN:8,(anonymous_2)
FN:9,(anonymous_3)
FN:10,(anonymous_4)
FNF:5
FNH:5
FNDA:23,(anonymous_0)
FNDA:6,(anonymous_1)
FNDA:7,(anonymous_2)
FNDA:8,(anonymous_3)
FNDA:2,(anonymous_4)
DA:6,23
DA:7,6
DA:8,7
DA:9,8
DA:10,2
LF:5
LH:5
BRDA:6,0,0,0
BRF:1
BRH:0
end_of_record
TN:
SF:/Users/alexquirk/Dev/personal/object-map/src/utils.js
FN:5,(anonymous_0)
FN:11,(anonymous_1)
FN:13,(anonymous_2)
FN:15,(anonymous_3)
FN:17,(anonymous_4)
FNF:5
FNH:5
FNDA:17,(anonymous_0)
FNDA:8,(anonymous_1)
FNDA:13,(anonymous_2)
FNDA:123,(anonymous_3)
FNDA:23,(anonymous_4)
DA:3,6
DA:5,17
DA:7,6
DA:9,6
DA:11,8
DA:13,13
DA:15,123
DA:17,23
LF:8
LH:8
BRDA:17,0,0,22
BRDA:17,0,1,1
BRF:2
BRH:2
end_of_record
